2025-09-17 11:59:51.2441||ERROR|EHL.Api.Helpers.GlobalExceptionHandlerMiddleware|Unhandled exception Microsoft.Data.SqlClient.SqlException (0x80131904): A network-related or instance-specific error occurred while establishing a connection to SQL Server. The server was not found or was not accessible. Verify that the instance name is correct and that SQL Server is configured to allow remote connections. (provider: Named Pipes Provider, error: 40 - Could not open a connection to SQL Server)
 ---> System.ComponentModel.Win32Exception (1231): The network location cannot be reached. For information about network troubleshooting, see Windows Help.
   at Microsoft.Data.SqlClient.SqlInternalConnection.OnError(SqlException exception, Boolean breakConnection, Action`1 wrapCloseInAction)
   at Microsoft.Data.SqlClient.TdsParser.ThrowExceptionAndWarning(TdsParserStateObject stateObj, SqlCommand command, Boolean callerHasConnectionLock, Boolean asyncClose)
   at Microsoft.Data.SqlClient.TdsParser.Connect(ServerInfo serverInfo, SqlInternalConnectionTds connHandler, TimeoutTimer timeout, SqlConnectionString connectionOptions, Boolean withFailover)
   at Microsoft.Data.SqlClient.SqlInternalConnectionTds.AttemptOneLogin(ServerInfo serverInfo, String newPassword, SecureString newSecurePassword, TimeoutTimer timeout, Boolean withFailover)
   at Microsoft.Data.SqlClient.SqlInternalConnectionTds.LoginNoFailover(ServerInfo serverInfo, String newPassword, SecureString newSecurePassword, Boolean redirectedUserInstance, SqlConnectionString connectionOptions, SqlCredential credential, TimeoutTimer timeout)
   at Microsoft.Data.SqlClient.SqlInternalConnectionTds.OpenLoginEnlist(TimeoutTimer timeout, SqlConnectionString connectionOptions, SqlCredential credential, String newPassword, SecureString newSecurePassword, Boolean redirectedUserInstance)
   at Microsoft.Data.SqlClient.SqlInternalConnectionTds..ctor(DbConnectionPoolIdentity identity, SqlConnectionString connectionOptions, SqlCredential credential, Object providerInfo, String newPassword, SecureString newSecurePassword, Boolean redirectedUserInstance, SqlConnectionString userConnectionOptions, SessionData reconnectSessionData, Boolean applyTransientFaultHandling, String accessToken, DbConnectionPool pool, Func`3 accessTokenCallback)
   at Microsoft.Data.SqlClient.SqlConnectionFactory.CreateConnection(DbConnectionOptions options, DbConnectionPoolKey poolKey, Object poolGroupProviderInfo, DbConnectionPool pool, DbConnection owningConnection, DbConnectionOptions userOptions)
   at Microsoft.Data.ProviderBase.DbConnectionFactory.CreatePooledConnection(DbConnectionPool pool, DbConnection owningObject, DbConnectionOptions options, DbConnectionPoolKey poolKey, DbConnectionOptions userOptions)
   at Microsoft.Data.ProviderBase.DbConnectionPool.CreateObject(DbConnection owningObject, DbConnectionOptions userOptions, DbConnectionInternal oldConnection)
   at Microsoft.Data.ProviderBase.DbConnectionPool.UserCreateRequest(DbConnection owningObject, DbConnectionOptions userOptions, DbConnectionInternal oldConnection)
   at Microsoft.Data.ProviderBase.DbConnectionPool.TryGetConnection(DbConnection owningObject, UInt32 waitForMultipleObjectsTimeout, Boolean allowCreate, Boolean onlyOneCheckConnection, DbConnectionOptions userOptions, DbConnectionInternal& connection)
   at Microsoft.Data.ProviderBase.DbConnectionFactory.TryGetConnection(DbConnection owningConnection, TaskCompletionSource`1 retry, DbConnectionOptions userOptions, DbConnectionInternal oldConnection, DbConnectionInternal& connection)
   at Microsoft.Data.ProviderBase.DbConnectionInternal.TryOpenConnectionInternal(DbConnection outerConnection, DbConnectionFactory connectionFactory, TaskCompletionSource`1 retry, DbConnectionOptions userOptions)
   at Microsoft.Data.SqlClient.SqlConnection.TryOpen(TaskCompletionSource`1 retry, SqlConnectionOverrides overrides)
   at Microsoft.Data.SqlClient.SqlConnection.Open(SqlConnectionOverrides overrides)
   at Dapper.SqlMapper.QueryImpl[T](IDbConnection cnn, CommandDefinition command, Type effectiveType)+MoveNext() in /_/Dapper/SqlMapper.cs:line 1212
   at System.Collections.Generic.List`1..ctor(IEnumerable`1 collection)
   at Dapper.SqlMapper.Query[T](IDbConnection cnn, String sql, Object param, IDbTransaction transaction, Boolean buffered, Nullable`1 commandTimeout, Nullable`1 commandType) in /_/Dapper/SqlMapper.cs:line 842
   at EHL.DB.Implements.UserDB.updateLoggedIn(Int32 isLoggedIn, String userName) in C:\Users\ankit\Downloads\source_EHL_27June25\source_EHL_27June25\EHL.DB\Implements\UserDB.cs:line 54
   at EHL.Business.Implements.UserManager.updateLoggedIn(Int32 isLoggedIn, String userName) in C:\Users\ankit\Downloads\source_EHL_27June25\source_EHL_27June25\EHL.Business\Implements\UserManager.cs:line 36
   at EHL.Api.Controllers.AuthController.Logout(Login login) in C:\Users\ankit\Downloads\source_EHL_27June25\source_EHL_27June25\EHL.Api\Controllers\AuthController.cs:line 159
   at lambda_method31(Closure, Object, Object[])
   at Microsoft.AspNetCore.Mvc.Infrastructure.ControllerActionInvoker.<InvokeActionMethodAsync>g__Logged|12_1(ControllerActionInvoker invoker)
   at Microsoft.AspNetCore.Mvc.Infrastructure.ControllerActionInvoker.<InvokeNextActionFilterAsync>g__Awaited|10_0(ControllerActionInvoker invoker, Task lastTask, State next, Scope scope, Object state, Boolean isCompleted)
   at Microsoft.AspNetCore.Mvc.Infrastructure.ControllerActionInvoker.Rethrow(ActionExecutedContextSealed context)
   at Microsoft.AspNetCore.Mvc.Infrastructure.ControllerActionInvoker.Next(State& next, Scope& scope, Object& state, Boolean& isCompleted)
   at Microsoft.AspNetCore.Mvc.Infrastructure.ControllerActionInvoker.InvokeInnerFilterAsync()
--- End of stack trace from previous location ---
   at Microsoft.AspNetCore.Mvc.Infrastructure.ResourceInvoker.<InvokeNextResourceFilter>g__Awaited|25_0(ResourceInvoker invoker, Task lastTask, State next, Scope scope, Object state, Boolean isCompleted)
   at Microsoft.AspNetCore.Mvc.Infrastructure.ResourceInvoker.Rethrow(ResourceExecutedContextSealed context)
   at Microsoft.AspNetCore.Mvc.Infrastructure.ResourceInvoker.Next(State& next, Scope& scope, Object& state, Boolean& isCompleted)
   at Microsoft.AspNetCore.Mvc.Infrastructure.ResourceInvoker.InvokeFilterPipelineAsync()
--- End of stack trace from previous location ---
   at Microsoft.AspNetCore.Mvc.Infrastructure.ResourceInvoker.<InvokeAsync>g__Logged|17_1(ResourceInvoker invoker)
   at Microsoft.AspNetCore.Mvc.Infrastructure.ResourceInvoker.<InvokeAsync>g__Logged|17_1(ResourceInvoker invoker)
   at Microsoft.AspNetCore.Routing.EndpointMiddleware.<Invoke>g__AwaitRequestTask|7_0(Endpoint endpoint, Task requestTask, ILogger logger)
   at Microsoft.AspNetCore.ResponseCompression.ResponseCompressionMiddleware.InvokeCore(HttpContext context)
   at Microsoft.AspNetCore.Authorization.AuthorizationMiddleware.Invoke(HttpContext context)
   at Microsoft.AspNetCore.Authentication.AuthenticationMiddleware.Invoke(HttpContext context)
   at EHL.Api.Helpers.OriginRestrictionMiddleware.Invoke(HttpContext context) in C:\Users\ankit\Downloads\source_EHL_27June25\source_EHL_27June25\EHL.Api\Helpers\OriginRestrictionMiddleware.cs:line 50
   at EHL.Api.Helpers.GlobalExceptionHandlerMiddleware.Invoke(HttpContext context) in C:\Users\ankit\Downloads\source_EHL_27June25\source_EHL_27June25\EHL.Api\Helpers\GlobalExceptionHandlerMiddleware.cs:line 22
ClientConnectionId:00000000-0000-0000-0000-000000000000
Error Number:1231,State:0,Class:20|url: https://localhost/api/auth/logout|action: Logout
2025-09-17 12:25:20.2441||ERROR|EHL.Api.Helpers.GlobalExceptionHandlerMiddleware|Unhandled exception System.UnauthorizedAccessException: User role claim is missing.
   at InSync.Api.Helpers.ClaimHelper.GetRoleType(HttpContext httpContext) in C:\Users\ankit\Downloads\source_EHL_27June25\source_EHL_27June25\EHL.Api\Helpers\ClaimHelper.cs:line 42
   at EHL.Api.Helpers.AuthorizationAttribute.OnAuthorization(AuthorizationFilterContext context) in C:\Users\ankit\Downloads\source_EHL_27June25\source_EHL_27June25\EHL.Api\Helpers\Authorization.cs:line 21
   at Microsoft.AspNetCore.Mvc.Infrastructure.ResourceInvoker.Next(State& next, Scope& scope, Object& state, Boolean& isCompleted)
   at Microsoft.AspNetCore.Mvc.Infrastructure.ResourceInvoker.InvokeFilterPipelineAsync()
--- End of stack trace from previous location ---
   at Microsoft.AspNetCore.Mvc.Infrastructure.ResourceInvoker.<InvokeAsync>g__Logged|17_1(ResourceInvoker invoker)
   at Microsoft.AspNetCore.Mvc.Infrastructure.ResourceInvoker.<InvokeAsync>g__Logged|17_1(ResourceInvoker invoker)
   at Microsoft.AspNetCore.Routing.EndpointMiddleware.<Invoke>g__AwaitRequestTask|7_0(Endpoint endpoint, Task requestTask, ILogger logger)
   at Microsoft.AspNetCore.ResponseCompression.ResponseCompressionMiddleware.InvokeCore(HttpContext context)
   at Microsoft.AspNetCore.Authorization.AuthorizationMiddleware.Invoke(HttpContext context)
   at Microsoft.AspNetCore.Authentication.AuthenticationMiddleware.Invoke(HttpContext context)
   at EHL.Api.Helpers.OriginRestrictionMiddleware.Invoke(HttpContext context) in C:\Users\ankit\Downloads\source_EHL_27June25\source_EHL_27June25\EHL.Api\Helpers\OriginRestrictionMiddleware.cs:line 50
   at EHL.Api.Helpers.GlobalExceptionHandlerMiddleware.Invoke(HttpContext context) in C:\Users\ankit\Downloads\source_EHL_27June25\source_EHL_27June25\EHL.Api\Helpers\GlobalExceptionHandlerMiddleware.cs:line 22|url: https://localhost/api/emer|action: AddEmer
2025-09-17 12:32:36.3001||ERROR|EHL.Api.Helpers.GlobalExceptionHandlerMiddleware|Unhandled exception System.UnauthorizedAccessException: User role claim is missing.
   at InSync.Api.Helpers.ClaimHelper.GetRoleType(HttpContext httpContext) in C:\Users\ankit\Downloads\source_EHL_27June25\source_EHL_27June25\EHL.Api\Helpers\ClaimHelper.cs:line 42
   at EHL.Api.Helpers.AuthorizationAttribute.OnAuthorization(AuthorizationFilterContext context) in C:\Users\ankit\Downloads\source_EHL_27June25\source_EHL_27June25\EHL.Api\Helpers\Authorization.cs:line 21
   at Microsoft.AspNetCore.Mvc.Infrastructure.ResourceInvoker.Next(State& next, Scope& scope, Object& state, Boolean& isCompleted)
   at Microsoft.AspNetCore.Mvc.Infrastructure.ResourceInvoker.InvokeFilterPipelineAsync()
--- End of stack trace from previous location ---
   at Microsoft.AspNetCore.Mvc.Infrastructure.ResourceInvoker.<InvokeAsync>g__Logged|17_1(ResourceInvoker invoker)
   at Microsoft.AspNetCore.Mvc.Infrastructure.ResourceInvoker.<InvokeAsync>g__Logged|17_1(ResourceInvoker invoker)
   at Microsoft.AspNetCore.Routing.EndpointMiddleware.<Invoke>g__AwaitRequestTask|7_0(Endpoint endpoint, Task requestTask, ILogger logger)
   at Microsoft.AspNetCore.ResponseCompression.ResponseCompressionMiddleware.InvokeCore(HttpContext context)
   at Microsoft.AspNetCore.Authorization.AuthorizationMiddleware.Invoke(HttpContext context)
   at Microsoft.AspNetCore.Authentication.AuthenticationMiddleware.Invoke(HttpContext context)
   at EHL.Api.Helpers.OriginRestrictionMiddleware.Invoke(HttpContext context) in C:\Users\ankit\Downloads\source_EHL_27June25\source_EHL_27June25\EHL.Api\Helpers\OriginRestrictionMiddleware.cs:line 50
   at EHL.Api.Helpers.GlobalExceptionHandlerMiddleware.Invoke(HttpContext context) in C:\Users\ankit\Downloads\source_EHL_27June25\source_EHL_27June25\EHL.Api\Helpers\GlobalExceptionHandlerMiddleware.cs:line 22|url: https://localhost/api/emer|action: AddEmer
2025-09-17 12:34:24.1384||ERROR|EHL.Api.Helpers.GlobalExceptionHandlerMiddleware|Unhandled exception System.UnauthorizedAccessException: User role claim is missing.
   at InSync.Api.Helpers.ClaimHelper.GetRoleType(HttpContext httpContext) in C:\Users\ankit\Downloads\source_EHL_27June25\source_EHL_27June25\EHL.Api\Helpers\ClaimHelper.cs:line 42
   at EHL.Api.Helpers.AuthorizationAttribute.OnAuthorization(AuthorizationFilterContext context) in C:\Users\ankit\Downloads\source_EHL_27June25\source_EHL_27June25\EHL.Api\Helpers\Authorization.cs:line 21
   at Microsoft.AspNetCore.Mvc.Infrastructure.ResourceInvoker.Next(State& next, Scope& scope, Object& state, Boolean& isCompleted)
   at Microsoft.AspNetCore.Mvc.Infrastructure.ResourceInvoker.InvokeFilterPipelineAsync()
--- End of stack trace from previous location ---
   at Microsoft.AspNetCore.Mvc.Infrastructure.ResourceInvoker.<InvokeAsync>g__Logged|17_1(ResourceInvoker invoker)
   at Microsoft.AspNetCore.Mvc.Infrastructure.ResourceInvoker.<InvokeAsync>g__Logged|17_1(ResourceInvoker invoker)
   at Microsoft.AspNetCore.Routing.EndpointMiddleware.<Invoke>g__AwaitRequestTask|7_0(Endpoint endpoint, Task requestTask, ILogger logger)
   at Microsoft.AspNetCore.ResponseCompression.ResponseCompressionMiddleware.InvokeCore(HttpContext context)
   at Microsoft.AspNetCore.Authorization.AuthorizationMiddleware.Invoke(HttpContext context)
   at Microsoft.AspNetCore.Authentication.AuthenticationMiddleware.Invoke(HttpContext context)
   at EHL.Api.Helpers.OriginRestrictionMiddleware.Invoke(HttpContext context) in C:\Users\ankit\Downloads\source_EHL_27June25\source_EHL_27June25\EHL.Api\Helpers\OriginRestrictionMiddleware.cs:line 50
   at EHL.Api.Helpers.GlobalExceptionHandlerMiddleware.Invoke(HttpContext context) in C:\Users\ankit\Downloads\source_EHL_27June25\source_EHL_27June25\EHL.Api\Helpers\GlobalExceptionHandlerMiddleware.cs:line 22|url: https://localhost/api/emer|action: AddEmer
2025-09-17 12:45:22.1034||ERROR|EHL.Api.Helpers.GlobalExceptionHandlerMiddleware|Unhandled exception System.UnauthorizedAccessException: User role claim is missing.
   at InSync.Api.Helpers.ClaimHelper.GetRoleType(HttpContext httpContext) in C:\Users\ankit\Downloads\source_EHL_27June25\source_EHL_27June25\EHL.Api\Helpers\ClaimHelper.cs:line 42
   at EHL.Api.Helpers.AuthorizationAttribute.OnAuthorization(AuthorizationFilterContext context) in C:\Users\ankit\Downloads\source_EHL_27June25\source_EHL_27June25\EHL.Api\Helpers\Authorization.cs:line 21
   at Microsoft.AspNetCore.Mvc.Infrastructure.ResourceInvoker.Next(State& next, Scope& scope, Object& state, Boolean& isCompleted)
   at Microsoft.AspNetCore.Mvc.Infrastructure.ResourceInvoker.InvokeFilterPipelineAsync()
--- End of stack trace from previous location ---
   at Microsoft.AspNetCore.Mvc.Infrastructure.ResourceInvoker.<InvokeAsync>g__Logged|17_1(ResourceInvoker invoker)
   at Microsoft.AspNetCore.Mvc.Infrastructure.ResourceInvoker.<InvokeAsync>g__Logged|17_1(ResourceInvoker invoker)
   at Microsoft.AspNetCore.Routing.EndpointMiddleware.<Invoke>g__AwaitRequestTask|7_0(Endpoint endpoint, Task requestTask, ILogger logger)
   at Microsoft.AspNetCore.ResponseCompression.ResponseCompressionMiddleware.InvokeCore(HttpContext context)
   at Microsoft.AspNetCore.Authorization.AuthorizationMiddleware.Invoke(HttpContext context)
   at Microsoft.AspNetCore.Authentication.AuthenticationMiddleware.Invoke(HttpContext context)
   at EHL.Api.Helpers.OriginRestrictionMiddleware.Invoke(HttpContext context) in C:\Users\ankit\Downloads\source_EHL_27June25\source_EHL_27June25\EHL.Api\Helpers\OriginRestrictionMiddleware.cs:line 50
   at EHL.Api.Helpers.GlobalExceptionHandlerMiddleware.Invoke(HttpContext context) in C:\Users\ankit\Downloads\source_EHL_27June25\source_EHL_27June25\EHL.Api\Helpers\GlobalExceptionHandlerMiddleware.cs:line 22|url: https://localhost/api/emer|action: AddEmer
2025-09-17 12:47:54.5541||ERROR|EHL.Api.Helpers.GlobalExceptionHandlerMiddleware|Unhandled exception System.UnauthorizedAccessException: User role claim is missing.
   at InSync.Api.Helpers.ClaimHelper.GetRoleType(HttpContext httpContext) in C:\Users\ankit\Downloads\source_EHL_27June25\source_EHL_27June25\EHL.Api\Helpers\ClaimHelper.cs:line 42
   at EHL.Api.Helpers.AuthorizationAttribute.OnAuthorization(AuthorizationFilterContext context) in C:\Users\ankit\Downloads\source_EHL_27June25\source_EHL_27June25\EHL.Api\Helpers\Authorization.cs:line 21
   at Microsoft.AspNetCore.Mvc.Infrastructure.ResourceInvoker.Next(State& next, Scope& scope, Object& state, Boolean& isCompleted)
   at Microsoft.AspNetCore.Mvc.Infrastructure.ResourceInvoker.InvokeFilterPipelineAsync()
--- End of stack trace from previous location ---
   at Microsoft.AspNetCore.Mvc.Infrastructure.ResourceInvoker.<InvokeAsync>g__Logged|17_1(ResourceInvoker invoker)
   at Microsoft.AspNetCore.Mvc.Infrastructure.ResourceInvoker.<InvokeAsync>g__Logged|17_1(ResourceInvoker invoker)
   at Microsoft.AspNetCore.Routing.EndpointMiddleware.<Invoke>g__AwaitRequestTask|7_0(Endpoint endpoint, Task requestTask, ILogger logger)
   at Microsoft.AspNetCore.ResponseCompression.ResponseCompressionMiddleware.InvokeCore(HttpContext context)
   at Microsoft.AspNetCore.Authorization.AuthorizationMiddleware.Invoke(HttpContext context)
   at Microsoft.AspNetCore.Authentication.AuthenticationMiddleware.Invoke(HttpContext context)
   at EHL.Api.Helpers.OriginRestrictionMiddleware.Invoke(HttpContext context) in C:\Users\ankit\Downloads\source_EHL_27June25\source_EHL_27June25\EHL.Api\Helpers\OriginRestrictionMiddleware.cs:line 50
   at EHL.Api.Helpers.GlobalExceptionHandlerMiddleware.Invoke(HttpContext context) in C:\Users\ankit\Downloads\source_EHL_27June25\source_EHL_27June25\EHL.Api\Helpers\GlobalExceptionHandlerMiddleware.cs:line 22|url: https://localhost/api/emer|action: AddEmer
2025-09-17 12:59:38.7185||ERROR|EHL.Common.Helpers.EHLLogger|Class=EmerDB,method=GetLatestTwoPoliciesPerType Microsoft.Data.SqlClient.SqlException (0x80131904): A network-related or instance-specific error occurred while establishing a connection to SQL Server. The server was not found or was not accessible. Verify that the instance name is correct and that SQL Server is configured to allow remote connections. (provider: Named Pipes Provider, error: 40 - Could not open a connection to SQL Server)
 ---> System.ComponentModel.Win32Exception (53): The network path was not found.
   at Microsoft.Data.SqlClient.SqlInternalConnection.OnError(SqlException exception, Boolean breakConnection, Action`1 wrapCloseInAction)
   at Microsoft.Data.SqlClient.TdsParser.ThrowExceptionAndWarning(TdsParserStateObject stateObj, SqlCommand command, Boolean callerHasConnectionLock, Boolean asyncClose)
   at Microsoft.Data.SqlClient.TdsParser.Connect(ServerInfo serverInfo, SqlInternalConnectionTds connHandler, TimeoutTimer timeout, SqlConnectionString connectionOptions, Boolean withFailover)
   at Microsoft.Data.SqlClient.SqlInternalConnectionTds.AttemptOneLogin(ServerInfo serverInfo, String newPassword, SecureString newSecurePassword, TimeoutTimer timeout, Boolean withFailover)
   at Microsoft.Data.SqlClient.SqlInternalConnectionTds.LoginNoFailover(ServerInfo serverInfo, String newPassword, SecureString newSecurePassword, Boolean redirectedUserInstance, SqlConnectionString connectionOptions, SqlCredential credential, TimeoutTimer timeout)
   at Microsoft.Data.SqlClient.SqlInternalConnectionTds.OpenLoginEnlist(TimeoutTimer timeout, SqlConnectionString connectionOptions, SqlCredential credential, String newPassword, SecureString newSecurePassword, Boolean redirectedUserInstance)
   at Microsoft.Data.SqlClient.SqlInternalConnectionTds..ctor(DbConnectionPoolIdentity identity, SqlConnectionString connectionOptions, SqlCredential credential, Object providerInfo, String newPassword, SecureString newSecurePassword, Boolean redirectedUserInstance, SqlConnectionString userConnectionOptions, SessionData reconnectSessionData, Boolean applyTransientFaultHandling, String accessToken, DbConnectionPool pool, Func`3 accessTokenCallback)
   at Microsoft.Data.SqlClient.SqlConnectionFactory.CreateConnection(DbConnectionOptions options, DbConnectionPoolKey poolKey, Object poolGroupProviderInfo, DbConnectionPool pool, DbConnection owningConnection, DbConnectionOptions userOptions)
   at Microsoft.Data.ProviderBase.DbConnectionFactory.CreatePooledConnection(DbConnectionPool pool, DbConnection owningObject, DbConnectionOptions options, DbConnectionPoolKey poolKey, DbConnectionOptions userOptions)
   at Microsoft.Data.ProviderBase.DbConnectionPool.CreateObject(DbConnection owningObject, DbConnectionOptions userOptions, DbConnectionInternal oldConnection)
   at Microsoft.Data.ProviderBase.DbConnectionPool.UserCreateRequest(DbConnection owningObject, DbConnectionOptions userOptions, DbConnectionInternal oldConnection)
   at Microsoft.Data.ProviderBase.DbConnectionPool.TryGetConnection(DbConnection owningObject, UInt32 waitForMultipleObjectsTimeout, Boolean allowCreate, Boolean onlyOneCheckConnection, DbConnectionOptions userOptions, DbConnectionInternal& connection)
   at Microsoft.Data.ProviderBase.DbConnectionFactory.TryGetConnection(DbConnection owningConnection, TaskCompletionSource`1 retry, DbConnectionOptions userOptions, DbConnectionInternal oldConnection, DbConnectionInternal& connection)
   at Microsoft.Data.ProviderBase.DbConnectionInternal.TryOpenConnectionInternal(DbConnection outerConnection, DbConnectionFactory connectionFactory, TaskCompletionSource`1 retry, DbConnectionOptions userOptions)
   at Microsoft.Data.SqlClient.SqlConnection.TryOpen(TaskCompletionSource`1 retry, SqlConnectionOverrides overrides)
   at Microsoft.Data.SqlClient.SqlConnection.Open(SqlConnectionOverrides overrides)
   at Dapper.SqlMapper.QueryImpl[T](IDbConnection cnn, CommandDefinition command, Type effectiveType)+MoveNext() in /_/Dapper/SqlMapper.cs:line 1212
   at System.Collections.Generic.List`1..ctor(IEnumerable`1 collection)
   at Dapper.SqlMapper.Query[T](IDbConnection cnn, String sql, Object param, IDbTransaction transaction, Boolean buffered, Nullable`1 commandTimeout, Nullable`1 commandType) in /_/Dapper/SqlMapper.cs:line 842
   at EHL.DB.Implements.EmerDB.GetLatestTwoPoliciesPerType() in C:\Users\ankit\Downloads\source_EHL_27June25\source_EHL_27June25\EHL.DB\Implements\EmerDB.cs:line 73
ClientConnectionId:00000000-0000-0000-0000-000000000000
Error Number:53,State:0,Class:20|url: https://localhost/api/emer/latest/policy|action: GetLatestTwoPoliciesPerType
2025-09-17 12:59:38.9410||ERROR|EHL.Common.Helpers.EHLLogger|Class=AttributeDB,method=GetWing Microsoft.Data.SqlClient.SqlException (0x80131904): A network-related or instance-specific error occurred while establishing a connection to SQL Server. The server was not found or was not accessible. Verify that the instance name is correct and that SQL Server is configured to allow remote connections. (provider: Named Pipes Provider, error: 40 - Could not open a connection to SQL Server)
 ---> System.ComponentModel.Win32Exception (53): The network path was not found.
   at Microsoft.Data.ProviderBase.DbConnectionPool.TryGetConnection(DbConnection owningObject, UInt32 waitForMultipleObjectsTimeout, Boolean allowCreate, Boolean onlyOneCheckConnection, DbConnectionOptions userOptions, DbConnectionInternal& connection)
   at Microsoft.Data.ProviderBase.DbConnectionFactory.TryGetConnection(DbConnection owningConnection, TaskCompletionSource`1 retry, DbConnectionOptions userOptions, DbConnectionInternal oldConnection, DbConnectionInternal& connection)
   at Microsoft.Data.ProviderBase.DbConnectionInternal.TryOpenConnectionInternal(DbConnection outerConnection, DbConnectionFactory connectionFactory, TaskCompletionSource`1 retry, DbConnectionOptions userOptions)
   at Microsoft.Data.SqlClient.SqlConnection.TryOpen(TaskCompletionSource`1 retry, SqlConnectionOverrides overrides)
   at Microsoft.Data.SqlClient.SqlConnection.Open(SqlConnectionOverrides overrides)
   at Dapper.SqlMapper.QueryImpl[T](IDbConnection cnn, CommandDefinition command, Type effectiveType)+MoveNext() in /_/Dapper/SqlMapper.cs:line 1212
   at System.Collections.Generic.List`1..ctor(IEnumerable`1 collection)
   at Dapper.SqlMapper.Query[T](IDbConnection cnn, String sql, Object param, IDbTransaction transaction, Boolean buffered, Nullable`1 commandTimeout, Nullable`1 commandType) in /_/Dapper/SqlMapper.cs:line 842
   at EHL.DB.Implements.AttributeDB.GetWing() in C:\Users\ankit\Downloads\source_EHL_27June25\source_EHL_27June25\EHL.DB\Implements\AttributeDB.cs:line 82
ClientConnectionId:00000000-0000-0000-0000-000000000000
Error Number:53,State:0,Class:20|url: https://localhost/api/attribute/wing|action: GetAllWings
2025-09-17 12:59:39.0012||ERROR|EHL.Common.Helpers.EHLLogger|Class=EmerDB,method=GetLatestEmer Microsoft.Data.SqlClient.SqlException (0x80131904): A network-related or instance-specific error occurred while establishing a connection to SQL Server. The server was not found or was not accessible. Verify that the instance name is correct and that SQL Server is configured to allow remote connections. (provider: Named Pipes Provider, error: 40 - Could not open a connection to SQL Server)
 ---> System.ComponentModel.Win32Exception (53): The network path was not found.
   at Microsoft.Data.ProviderBase.DbConnectionPool.TryGetConnection(DbConnection owningObject, UInt32 waitForMultipleObjectsTimeout, Boolean allowCreate, Boolean onlyOneCheckConnection, DbConnectionOptions userOptions, DbConnectionInternal& connection)
   at Microsoft.Data.ProviderBase.DbConnectionFactory.TryGetConnection(DbConnection owningConnection, TaskCompletionSource`1 retry, DbConnectionOptions userOptions, DbConnectionInternal oldConnection, DbConnectionInternal& connection)
   at Microsoft.Data.ProviderBase.DbConnectionInternal.TryOpenConnectionInternal(DbConnection outerConnection, DbConnectionFactory connectionFactory, TaskCompletionSource`1 retry, DbConnectionOptions userOptions)
   at Microsoft.Data.SqlClient.SqlConnection.TryOpen(TaskCompletionSource`1 retry, SqlConnectionOverrides overrides)
   at Microsoft.Data.SqlClient.SqlConnection.Open(SqlConnectionOverrides overrides)
   at Dapper.SqlMapper.QueryImpl[T](IDbConnection cnn, CommandDefinition command, Type effectiveType)+MoveNext() in /_/Dapper/SqlMapper.cs:line 1212
   at System.Collections.Generic.List`1..ctor(IEnumerable`1 collection)
   at Dapper.SqlMapper.Query[T](IDbConnection cnn, String sql, Object param, IDbTransaction transaction, Boolean buffered, Nullable`1 commandTimeout, Nullable`1 commandType) in /_/Dapper/SqlMapper.cs:line 842
   at EHL.DB.Implements.EmerDB.GetLatestEmer() in C:\Users\ankit\Downloads\source_EHL_27June25\source_EHL_27June25\EHL.DB\Implements\EmerDB.cs:line 56
ClientConnectionId:00000000-0000-0000-0000-000000000000
Error Number:53,State:0,Class:20|url: https://localhost/api/emer/latest/emer|action: GetLatestEmer
2025-09-17 13:01:33.6245||ERROR|EHL.Api.Helpers.GlobalExceptionHandlerMiddleware|Unhandled exception Microsoft.Data.SqlClient.SqlException (0x80131904): A network-related or instance-specific error occurred while establishing a connection to SQL Server. The server was not found or was not accessible. Verify that the instance name is correct and that SQL Server is configured to allow remote connections. (provider: Named Pipes Provider, error: 40 - Could not open a connection to SQL Server)
 ---> System.ComponentModel.Win32Exception (53): The network path was not found.
   at Microsoft.Data.ProviderBase.DbConnectionPool.TryGetConnection(DbConnection owningObject, UInt32 waitForMultipleObjectsTimeout, Boolean allowCreate, Boolean onlyOneCheckConnection, DbConnectionOptions userOptions, DbConnectionInternal& connection)
   at Microsoft.Data.ProviderBase.DbConnectionFactory.TryGetConnection(DbConnection owningConnection, TaskCompletionSource`1 retry, DbConnectionOptions userOptions, DbConnectionInternal oldConnection, DbConnectionInternal& connection)
   at Microsoft.Data.ProviderBase.DbConnectionInternal.TryOpenConnectionInternal(DbConnection outerConnection, DbConnectionFactory connectionFactory, TaskCompletionSource`1 retry, DbConnectionOptions userOptions)
   at Microsoft.Data.SqlClient.SqlConnection.TryOpen(TaskCompletionSource`1 retry, SqlConnectionOverrides overrides)
   at Microsoft.Data.SqlClient.SqlConnection.Open(SqlConnectionOverrides overrides)
   at Dapper.SqlMapper.QueryImpl[T](IDbConnection cnn, CommandDefinition command, Type effectiveType)+MoveNext() in /_/Dapper/SqlMapper.cs:line 1212
   at System.Collections.Generic.List`1..ctor(IEnumerable`1 collection)
   at Dapper.SqlMapper.Query[T](IDbConnection cnn, String sql, Object param, IDbTransaction transaction, Boolean buffered, Nullable`1 commandTimeout, Nullable`1 commandType) in /_/Dapper/SqlMapper.cs:line 842
   at EHL.DB.Implements.EmerDB.GetLatestEmer() in C:\Users\ankit\Downloads\source_EHL_27June25\source_EHL_27June25\EHL.DB\Implements\EmerDB.cs:line 56
   at EHL.Business.Implements.EmerManager.GetLatestEmer() in C:\Users\ankit\Downloads\source_EHL_27June25\source_EHL_27June25\EHL.Business\Implements\EmerManager.cs:line 31
   at EHL.Api.Controllers.EmerController.GetLatestEmer() in C:\Users\ankit\Downloads\source_EHL_27June25\source_EHL_27June25\EHL.Api\Controllers\EmerController.cs:line 138
   at lambda_method7(Closure, Object, Object[])
   at Microsoft.AspNetCore.Mvc.Infrastructure.ControllerActionInvoker.<InvokeActionMethodAsync>g__Logged|12_1(ControllerActionInvoker invoker)
   at Microsoft.AspNetCore.Mvc.Infrastructure.ControllerActionInvoker.<InvokeNextActionFilterAsync>g__Awaited|10_0(ControllerActionInvoker invoker, Task lastTask, State next, Scope scope, Object state, Boolean isCompleted)
   at Microsoft.AspNetCore.Mvc.Infrastructure.ControllerActionInvoker.Rethrow(ActionExecutedContextSealed context)
   at Microsoft.AspNetCore.Mvc.Infrastructure.ControllerActionInvoker.Next(State& next, Scope& scope, Object& state, Boolean& isCompleted)
   at Microsoft.AspNetCore.Mvc.Infrastructure.ControllerActionInvoker.InvokeInnerFilterAsync()
--- End of stack trace from previous location ---
   at Microsoft.AspNetCore.Mvc.Infrastructure.ResourceInvoker.<InvokeNextResourceFilter>g__Awaited|25_0(ResourceInvoker invoker, Task lastTask, State next, Scope scope, Object state, Boolean isCompleted)
   at Microsoft.AspNetCore.Mvc.Infrastructure.ResourceInvoker.Rethrow(ResourceExecutedContextSealed context)
   at Microsoft.AspNetCore.Mvc.Infrastructure.ResourceInvoker.Next(State& next, Scope& scope, Object& state, Boolean& isCompleted)
   at Microsoft.AspNetCore.Mvc.Infrastructure.ResourceInvoker.InvokeFilterPipelineAsync()
--- End of stack trace from previous location ---
   at Microsoft.AspNetCore.Mvc.Infrastructure.ResourceInvoker.<InvokeAsync>g__Logged|17_1(ResourceInvoker invoker)
   at Microsoft.AspNetCore.Mvc.Infrastructure.ResourceInvoker.<InvokeAsync>g__Logged|17_1(ResourceInvoker invoker)
   at Microsoft.AspNetCore.Routing.EndpointMiddleware.<Invoke>g__AwaitRequestTask|7_0(Endpoint endpoint, Task requestTask, ILogger logger)
   at Microsoft.AspNetCore.ResponseCompression.ResponseCompressionMiddleware.InvokeCore(HttpContext context)
   at Microsoft.AspNetCore.Authorization.AuthorizationMiddleware.Invoke(HttpContext context)
   at Microsoft.AspNetCore.Authentication.AuthenticationMiddleware.Invoke(HttpContext context)
   at EHL.Api.Helpers.OriginRestrictionMiddleware.Invoke(HttpContext context) in C:\Users\ankit\Downloads\source_EHL_27June25\source_EHL_27June25\EHL.Api\Helpers\OriginRestrictionMiddleware.cs:line 50
   at EHL.Api.Helpers.GlobalExceptionHandlerMiddleware.Invoke(HttpContext context) in C:\Users\ankit\Downloads\source_EHL_27June25\source_EHL_27June25\EHL.Api\Helpers\GlobalExceptionHandlerMiddleware.cs:line 22
ClientConnectionId:00000000-0000-0000-0000-000000000000
Error Number:53,State:0,Class:20|url: https://localhost/api/emer/latest/emer|action: GetLatestEmer
2025-09-17 13:01:33.6296||ERROR|EHL.Api.Helpers.GlobalExceptionHandlerMiddleware|Unhandled exception Microsoft.Data.SqlClient.SqlException (0x80131904): A network-related or instance-specific error occurred while establishing a connection to SQL Server. The server was not found or was not accessible. Verify that the instance name is correct and that SQL Server is configured to allow remote connections. (provider: Named Pipes Provider, error: 40 - Could not open a connection to SQL Server)
 ---> System.ComponentModel.Win32Exception (53): The network path was not found.
   at Microsoft.Data.SqlClient.SqlInternalConnection.OnError(SqlException exception, Boolean breakConnection, Action`1 wrapCloseInAction)
   at Microsoft.Data.SqlClient.TdsParser.ThrowExceptionAndWarning(TdsParserStateObject stateObj, SqlCommand command, Boolean callerHasConnectionLock, Boolean asyncClose)
   at Microsoft.Data.SqlClient.TdsParser.Connect(ServerInfo serverInfo, SqlInternalConnectionTds connHandler, TimeoutTimer timeout, SqlConnectionString connectionOptions, Boolean withFailover)
   at Microsoft.Data.SqlClient.SqlInternalConnectionTds.AttemptOneLogin(ServerInfo serverInfo, String newPassword, SecureString newSecurePassword, TimeoutTimer timeout, Boolean withFailover)
   at Microsoft.Data.SqlClient.SqlInternalConnectionTds.LoginNoFailover(ServerInfo serverInfo, String newPassword, SecureString newSecurePassword, Boolean redirectedUserInstance, SqlConnectionString connectionOptions, SqlCredential credential, TimeoutTimer timeout)
   at Microsoft.Data.SqlClient.SqlInternalConnectionTds.OpenLoginEnlist(TimeoutTimer timeout, SqlConnectionString connectionOptions, SqlCredential credential, String newPassword, SecureString newSecurePassword, Boolean redirectedUserInstance)
   at Microsoft.Data.SqlClient.SqlInternalConnectionTds..ctor(DbConnectionPoolIdentity identity, SqlConnectionString connectionOptions, SqlCredential credential, Object providerInfo, String newPassword, SecureString newSecurePassword, Boolean redirectedUserInstance, SqlConnectionString userConnectionOptions, SessionData reconnectSessionData, Boolean applyTransientFaultHandling, String accessToken, DbConnectionPool pool, Func`3 accessTokenCallback)
   at Microsoft.Data.SqlClient.SqlConnectionFactory.CreateConnection(DbConnectionOptions options, DbConnectionPoolKey poolKey, Object poolGroupProviderInfo, DbConnectionPool pool, DbConnection owningConnection, DbConnectionOptions userOptions)
   at Microsoft.Data.ProviderBase.DbConnectionFactory.CreatePooledConnection(DbConnectionPool pool, DbConnection owningObject, DbConnectionOptions options, DbConnectionPoolKey poolKey, DbConnectionOptions userOptions)
   at Microsoft.Data.ProviderBase.DbConnectionPool.CreateObject(DbConnection owningObject, DbConnectionOptions userOptions, DbConnectionInternal oldConnection)
   at Microsoft.Data.ProviderBase.DbConnectionPool.UserCreateRequest(DbConnection owningObject, DbConnectionOptions userOptions, DbConnectionInternal oldConnection)
   at Microsoft.Data.ProviderBase.DbConnectionPool.TryGetConnection(DbConnection owningObject, UInt32 waitForMultipleObjectsTimeout, Boolean allowCreate, Boolean onlyOneCheckConnection, DbConnectionOptions userOptions, DbConnectionInternal& connection)
   at Microsoft.Data.ProviderBase.DbConnectionFactory.TryGetConnection(DbConnection owningConnection, TaskCompletionSource`1 retry, DbConnectionOptions userOptions, DbConnectionInternal oldConnection, DbConnectionInternal& connection)
   at Microsoft.Data.ProviderBase.DbConnectionInternal.TryOpenConnectionInternal(DbConnection outerConnection, DbConnectionFactory connectionFactory, TaskCompletionSource`1 retry, DbConnectionOptions userOptions)
   at Microsoft.Data.SqlClient.SqlConnection.TryOpen(TaskCompletionSource`1 retry, SqlConnectionOverrides overrides)
   at Microsoft.Data.SqlClient.SqlConnection.Open(SqlConnectionOverrides overrides)
   at Dapper.SqlMapper.QueryImpl[T](IDbConnection cnn, CommandDefinition command, Type effectiveType)+MoveNext() in /_/Dapper/SqlMapper.cs:line 1212
   at System.Collections.Generic.List`1..ctor(IEnumerable`1 collection)
   at Dapper.SqlMapper.Query[T](IDbConnection cnn, String sql, Object param, IDbTransaction transaction, Boolean buffered, Nullable`1 commandTimeout, Nullable`1 commandType) in /_/Dapper/SqlMapper.cs:line 842
   at EHL.DB.Implements.EmerDB.GetLatestTwoPoliciesPerType() in C:\Users\ankit\Downloads\source_EHL_27June25\source_EHL_27June25\EHL.DB\Implements\EmerDB.cs:line 73
   at EHL.Business.Implements.EmerManager.GetLatestTwoPoliciesPerType() in C:\Users\ankit\Downloads\source_EHL_27June25\source_EHL_27June25\EHL.Business\Implements\EmerManager.cs:line 39
   at EHL.Api.Controllers.EmerController.GetLatestTwoPoliciesPerType() in C:\Users\ankit\Downloads\source_EHL_27June25\source_EHL_27June25\EHL.Api\Controllers\EmerController.cs:line 153
   at lambda_method6(Closure, Object, Object[])
   at Microsoft.AspNetCore.Mvc.Infrastructure.ControllerActionInvoker.<InvokeActionMethodAsync>g__Logged|12_1(ControllerActionInvoker invoker)
   at Microsoft.AspNetCore.Mvc.Infrastructure.ControllerActionInvoker.<InvokeNextActionFilterAsync>g__Awaited|10_0(ControllerActionInvoker invoker, Task lastTask, State next, Scope scope, Object state, Boolean isCompleted)
   at Microsoft.AspNetCore.Mvc.Infrastructure.ControllerActionInvoker.Rethrow(ActionExecutedContextSealed context)
   at Microsoft.AspNetCore.Mvc.Infrastructure.ControllerActionInvoker.Next(State& next, Scope& scope, Object& state, Boolean& isCompleted)
   at Microsoft.AspNetCore.Mvc.Infrastructure.ControllerActionInvoker.InvokeInnerFilterAsync()
--- End of stack trace from previous location ---
   at Microsoft.AspNetCore.Mvc.Infrastructure.ResourceInvoker.<InvokeNextResourceFilter>g__Awaited|25_0(ResourceInvoker invoker, Task lastTask, State next, Scope scope, Object state, Boolean isCompleted)
   at Microsoft.AspNetCore.Mvc.Infrastructure.ResourceInvoker.Rethrow(ResourceExecutedContextSealed context)
   at Microsoft.AspNetCore.Mvc.Infrastructure.ResourceInvoker.Next(State& next, Scope& scope, Object& state, Boolean& isCompleted)
   at Microsoft.AspNetCore.Mvc.Infrastructure.ResourceInvoker.InvokeFilterPipelineAsync()
--- End of stack trace from previous location ---
   at Microsoft.AspNetCore.Mvc.Infrastructure.ResourceInvoker.<InvokeAsync>g__Logged|17_1(ResourceInvoker invoker)
   at Microsoft.AspNetCore.Mvc.Infrastructure.ResourceInvoker.<InvokeAsync>g__Logged|17_1(ResourceInvoker invoker)
   at Microsoft.AspNetCore.Routing.EndpointMiddleware.<Invoke>g__AwaitRequestTask|7_0(Endpoint endpoint, Task requestTask, ILogger logger)
   at Microsoft.AspNetCore.ResponseCompression.ResponseCompressionMiddleware.InvokeCore(HttpContext context)
   at Microsoft.AspNetCore.Authorization.AuthorizationMiddleware.Invoke(HttpContext context)
   at Microsoft.AspNetCore.Authentication.AuthenticationMiddleware.Invoke(HttpContext context)
   at EHL.Api.Helpers.OriginRestrictionMiddleware.Invoke(HttpContext context) in C:\Users\ankit\Downloads\source_EHL_27June25\source_EHL_27June25\EHL.Api\Helpers\OriginRestrictionMiddleware.cs:line 50
   at EHL.Api.Helpers.GlobalExceptionHandlerMiddleware.Invoke(HttpContext context) in C:\Users\ankit\Downloads\source_EHL_27June25\source_EHL_27June25\EHL.Api\Helpers\GlobalExceptionHandlerMiddleware.cs:line 22
ClientConnectionId:00000000-0000-0000-0000-000000000000
Error Number:53,State:0,Class:20|url: https://localhost/api/emer/latest/policy|action: GetLatestTwoPoliciesPerType
2025-09-17 13:01:33.6470||ERROR|EHL.Api.Helpers.GlobalExceptionHandlerMiddleware|Unhandled exception Microsoft.Data.SqlClient.SqlException (0x80131904): A network-related or instance-specific error occurred while establishing a connection to SQL Server. The server was not found or was not accessible. Verify that the instance name is correct and that SQL Server is configured to allow remote connections. (provider: Named Pipes Provider, error: 40 - Could not open a connection to SQL Server)
 ---> System.ComponentModel.Win32Exception (53): The network path was not found.
   at Microsoft.Data.ProviderBase.DbConnectionPool.TryGetConnection(DbConnection owningObject, UInt32 waitForMultipleObjectsTimeout, Boolean allowCreate, Boolean onlyOneCheckConnection, DbConnectionOptions userOptions, DbConnectionInternal& connection)
   at Microsoft.Data.ProviderBase.DbConnectionFactory.TryGetConnection(DbConnection owningConnection, TaskCompletionSource`1 retry, DbConnectionOptions userOptions, DbConnectionInternal oldConnection, DbConnectionInternal& connection)
   at Microsoft.Data.ProviderBase.DbConnectionInternal.TryOpenConnectionInternal(DbConnection outerConnection, DbConnectionFactory connectionFactory, TaskCompletionSource`1 retry, DbConnectionOptions userOptions)
   at Microsoft.Data.SqlClient.SqlConnection.TryOpen(TaskCompletionSource`1 retry, SqlConnectionOverrides overrides)
   at Microsoft.Data.SqlClient.SqlConnection.Open(SqlConnectionOverrides overrides)
   at Dapper.SqlMapper.QueryImpl[T](IDbConnection cnn, CommandDefinition command, Type effectiveType)+MoveNext() in /_/Dapper/SqlMapper.cs:line 1212
   at System.Collections.Generic.List`1..ctor(IEnumerable`1 collection)
   at Dapper.SqlMapper.Query[T](IDbConnection cnn, String sql, Object param, IDbTransaction transaction, Boolean buffered, Nullable`1 commandTimeout, Nullable`1 commandType) in /_/Dapper/SqlMapper.cs:line 842
   at EHL.DB.Implements.AttributeDB.GetWing() in C:\Users\ankit\Downloads\source_EHL_27June25\source_EHL_27June25\EHL.DB\Implements\AttributeDB.cs:line 82
   at EHL.Business.Implements.AttributeManager.GetWing() in C:\Users\ankit\Downloads\source_EHL_27June25\source_EHL_27June25\EHL.Business\Implements\AttributeManager.cs:line 21
   at EHL.Api.Controllers.AttributeController.GetAllWings() in C:\Users\ankit\Downloads\source_EHL_27June25\source_EHL_27June25\EHL.Api\Controllers\AttributeController.cs:line 98
   at lambda_method10(Closure, Object, Object[])
   at Microsoft.AspNetCore.Mvc.Infrastructure.ControllerActionInvoker.<InvokeActionMethodAsync>g__Logged|12_1(ControllerActionInvoker invoker)
   at Microsoft.AspNetCore.Mvc.Infrastructure.ControllerActionInvoker.<InvokeNextActionFilterAsync>g__Awaited|10_0(ControllerActionInvoker invoker, Task lastTask, State next, Scope scope, Object state, Boolean isCompleted)
   at Microsoft.AspNetCore.Mvc.Infrastructure.ControllerActionInvoker.Rethrow(ActionExecutedContextSealed context)
   at Microsoft.AspNetCore.Mvc.Infrastructure.ControllerActionInvoker.Next(State& next, Scope& scope, Object& state, Boolean& isCompleted)
   at Microsoft.AspNetCore.Mvc.Infrastructure.ControllerActionInvoker.InvokeInnerFilterAsync()
--- End of stack trace from previous location ---
   at Microsoft.AspNetCore.Mvc.Infrastructure.ResourceInvoker.<InvokeNextResourceFilter>g__Awaited|25_0(ResourceInvoker invoker, Task lastTask, State next, Scope scope, Object state, Boolean isCompleted)
   at Microsoft.AspNetCore.Mvc.Infrastructure.ResourceInvoker.Rethrow(ResourceExecutedContextSealed context)
   at Microsoft.AspNetCore.Mvc.Infrastructure.ResourceInvoker.Next(State& next, Scope& scope, Object& state, Boolean& isCompleted)
   at Microsoft.AspNetCore.Mvc.Infrastructure.ResourceInvoker.InvokeFilterPipelineAsync()
--- End of stack trace from previous location ---
   at Microsoft.AspNetCore.Mvc.Infrastructure.ResourceInvoker.<InvokeAsync>g__Logged|17_1(ResourceInvoker invoker)
   at Microsoft.AspNetCore.Mvc.Infrastructure.ResourceInvoker.<InvokeAsync>g__Logged|17_1(ResourceInvoker invoker)
   at Microsoft.AspNetCore.Routing.EndpointMiddleware.<Invoke>g__AwaitRequestTask|7_0(Endpoint endpoint, Task requestTask, ILogger logger)
   at Microsoft.AspNetCore.ResponseCompression.ResponseCompressionMiddleware.InvokeCore(HttpContext context)
   at Microsoft.AspNetCore.Authorization.AuthorizationMiddleware.Invoke(HttpContext context)
   at Microsoft.AspNetCore.Authentication.AuthenticationMiddleware.Invoke(HttpContext context)
   at EHL.Api.Helpers.OriginRestrictionMiddleware.Invoke(HttpContext context) in C:\Users\ankit\Downloads\source_EHL_27June25\source_EHL_27June25\EHL.Api\Helpers\OriginRestrictionMiddleware.cs:line 50
   at EHL.Api.Helpers.GlobalExceptionHandlerMiddleware.Invoke(HttpContext context) in C:\Users\ankit\Downloads\source_EHL_27June25\source_EHL_27June25\EHL.Api\Helpers\GlobalExceptionHandlerMiddleware.cs:line 22
ClientConnectionId:00000000-0000-0000-0000-000000000000
Error Number:53,State:0,Class:20|url: https://localhost/api/attribute/wing|action: GetAllWings
2025-09-17 13:02:46.6639||ERROR|EHL.Api.Helpers.GlobalExceptionHandlerMiddleware|Unhandled exception System.UnauthorizedAccessException: User role claim is missing.
   at InSync.Api.Helpers.ClaimHelper.GetRoleType(HttpContext httpContext) in C:\Users\ankit\Downloads\source_EHL_27June25\source_EHL_27June25\EHL.Api\Helpers\ClaimHelper.cs:line 42
   at EHL.Api.Helpers.AuthorizationAttribute.OnAuthorization(AuthorizationFilterContext context) in C:\Users\ankit\Downloads\source_EHL_27June25\source_EHL_27June25\EHL.Api\Helpers\Authorization.cs:line 21
   at Microsoft.AspNetCore.Mvc.Infrastructure.ResourceInvoker.Next(State& next, Scope& scope, Object& state, Boolean& isCompleted)
   at Microsoft.AspNetCore.Mvc.Infrastructure.ResourceInvoker.InvokeFilterPipelineAsync()
--- End of stack trace from previous location ---
   at Microsoft.AspNetCore.Mvc.Infrastructure.ResourceInvoker.<InvokeAsync>g__Logged|17_1(ResourceInvoker invoker)
   at Microsoft.AspNetCore.Mvc.Infrastructure.ResourceInvoker.<InvokeAsync>g__Logged|17_1(ResourceInvoker invoker)
   at Microsoft.AspNetCore.Routing.EndpointMiddleware.<Invoke>g__AwaitRequestTask|7_0(Endpoint endpoint, Task requestTask, ILogger logger)
   at Microsoft.AspNetCore.ResponseCompression.ResponseCompressionMiddleware.InvokeCore(HttpContext context)
   at Microsoft.AspNetCore.Authorization.AuthorizationMiddleware.Invoke(HttpContext context)
   at Microsoft.AspNetCore.Authentication.AuthenticationMiddleware.Invoke(HttpContext context)
   at EHL.Api.Helpers.OriginRestrictionMiddleware.Invoke(HttpContext context) in C:\Users\ankit\Downloads\source_EHL_27June25\source_EHL_27June25\EHL.Api\Helpers\OriginRestrictionMiddleware.cs:line 50
   at EHL.Api.Helpers.GlobalExceptionHandlerMiddleware.Invoke(HttpContext context) in C:\Users\ankit\Downloads\source_EHL_27June25\source_EHL_27June25\EHL.Api\Helpers\GlobalExceptionHandlerMiddleware.cs:line 22|url: https://localhost/api/emer|action: AddEmer
2025-09-17 13:05:06.5088||ERROR|EHL.Api.Helpers.GlobalExceptionHandlerMiddleware|Unhandled exception System.NullReferenceException: Object reference not set to an instance of an object.
   at InSync.Api.Helpers.ClaimHelper.GetRoleType(HttpContext httpContext)
   at EHL.Api.Helpers.AuthorizationAttribute.OnAuthorization(AuthorizationFilterContext context)
   at Microsoft.AspNetCore.Mvc.Infrastructure.ResourceInvoker.Next(State& next, Scope& scope, Object& state, Boolean& isCompleted)
   at Microsoft.AspNetCore.Mvc.Infrastructure.ResourceInvoker.InvokeFilterPipelineAsync()
--- End of stack trace from previous location ---
   at Microsoft.AspNetCore.Mvc.Infrastructure.ResourceInvoker.<InvokeAsync>g__Logged|17_1(ResourceInvoker invoker)
   at Microsoft.AspNetCore.Mvc.Infrastructure.ResourceInvoker.<InvokeAsync>g__Logged|17_1(ResourceInvoker invoker)
   at Microsoft.AspNetCore.Routing.EndpointMiddleware.<Invoke>g__AwaitRequestTask|7_0(Endpoint endpoint, Task requestTask, ILogger logger)
   at Microsoft.AspNetCore.ResponseCompression.ResponseCompressionMiddleware.InvokeCore(HttpContext context)
   at Microsoft.AspNetCore.Authorization.AuthorizationMiddleware.Invoke(HttpContext context)
   at Microsoft.AspNetCore.Authentication.AuthenticationMiddleware.Invoke(HttpContext context)
   at EHL.Api.Helpers.OriginRestrictionMiddleware.Invoke(HttpContext context)
   at EHL.Api.Helpers.GlobalExceptionHandlerMiddleware.Invoke(HttpContext context)|url: https://localhost/api/emer|action: AddEmer
2025-09-17 13:10:55.3237||ERROR|EHL.Api.Helpers.GlobalExceptionHandlerMiddleware|Unhandled exception System.UnauthorizedAccessException: User role claim is missing.
   at InSync.Api.Helpers.ClaimHelper.GetRoleType(HttpContext httpContext)
   at EHL.Api.Helpers.AuthorizationAttribute.OnAuthorization(AuthorizationFilterContext context)
   at Microsoft.AspNetCore.Mvc.Infrastructure.ResourceInvoker.Next(State& next, Scope& scope, Object& state, Boolean& isCompleted)
   at Microsoft.AspNetCore.Mvc.Infrastructure.ResourceInvoker.InvokeFilterPipelineAsync()
--- End of stack trace from previous location ---
   at Microsoft.AspNetCore.Mvc.Infrastructure.ResourceInvoker.<InvokeAsync>g__Logged|17_1(ResourceInvoker invoker)
   at Microsoft.AspNetCore.Mvc.Infrastructure.ResourceInvoker.<InvokeAsync>g__Logged|17_1(ResourceInvoker invoker)
   at Microsoft.AspNetCore.Routing.EndpointMiddleware.<Invoke>g__AwaitRequestTask|7_0(Endpoint endpoint, Task requestTask, ILogger logger)
   at Microsoft.AspNetCore.ResponseCompression.ResponseCompressionMiddleware.InvokeCore(HttpContext context)
   at Microsoft.AspNetCore.Authorization.AuthorizationMiddleware.Invoke(HttpContext context)
   at Microsoft.AspNetCore.Authentication.AuthenticationMiddleware.Invoke(HttpContext context)
   at EHL.Api.Helpers.OriginRestrictionMiddleware.Invoke(HttpContext context)
   at EHL.Api.Helpers.GlobalExceptionHandlerMiddleware.Invoke(HttpContext context)|url: https://localhost/api/emer|action: AddEmer
