2025-09-16 05:58:14.6815||DEBUG|Microsoft.AspNetCore.Server.Kestrel.Connections|Connection id "0HNFK49PE9BL0" accepted. 
2025-09-16 05:58:14.8707||DEBUG|Microsoft.AspNetCore.Server.Kestrel.Connections|Connection id "0HNFK49PE9BL0" started. 
2025-09-16 05:58:14.9443||DEBUG|Microsoft.AspNetCore.Server.Kestrel.Https.Internal.HttpsConnectionMiddleware|Connection 0HNFK49PE9BL0 established using the following protocol: Tls13 
2025-09-16 05:58:14.9583||TRACE|Microsoft.AspNetCore.Server.Kestrel.Http2|Connection id "0HNFK49PE9BL0" sending SETTINGS frame for stream ID 0 with length 24 and flags NONE. 
2025-09-16 05:58:14.9583||TRACE|Microsoft.AspNetCore.Server.Kestrel.Http2|Connection id "0HNFK49PE9BL0" sending WINDOW_UPDATE frame for stream ID 0 with length 4 and flags 0x0. 
2025-09-16 05:58:14.9583||TRACE|Microsoft.AspNetCore.Server.Kestrel.Http2|Connection id "0HNFK49PE9BL0" received SETTINGS frame for stream ID 0 with length 24 and flags NONE. 
2025-09-16 05:58:14.9583||TRACE|Microsoft.AspNetCore.Server.Kestrel.Http2|Connection id "0HNFK49PE9BL0" sending SETTINGS frame for stream ID 0 with length 0 and flags ACK. 
2025-09-16 05:58:14.9583||TRACE|Microsoft.AspNetCore.Server.Kestrel.Http2|Connection id "0HNFK49PE9BL0" received WINDOW_UPDATE frame for stream ID 0 with length 4 and flags 0x0. 
2025-09-16 05:58:14.9583||TRACE|Microsoft.AspNetCore.Server.Kestrel.Http2|Connection id "0HNFK49PE9BL0" received HEADERS frame for stream ID 1 with length 345 and flags END_STREAM, END_HEADERS, PRIORITY. 
2025-09-16 05:58:14.9583||TRACE|Microsoft.AspNetCore.Server.Kestrel.Http2|Connection id "0HNFK49PE9BL0" received SETTINGS frame for stream ID 0 with length 0 and flags ACK. 
2025-09-16 05:58:14.9583||INFO|Microsoft.AspNetCore.Hosting.Diagnostics|Request starting HTTP/2 OPTIONS https://localhost:51041/api/auth/logout - - - 
2025-09-16 05:58:14.9583||TRACE|Microsoft.AspNetCore.HostFiltering.HostFilteringMiddleware|All hosts are allowed. 
2025-09-16 05:58:14.9703||DEBUG|Microsoft.AspNetCore.StaticFiles.StaticFileMiddleware|OPTIONS requests are not supported 
2025-09-16 05:58:14.9703||DEBUG|Microsoft.AspNetCore.StaticFiles.StaticFileMiddleware|OPTIONS requests are not supported 
2025-09-16 05:58:14.9703||DEBUG|Microsoft.AspNetCore.StaticFiles.StaticFileMiddleware|OPTIONS requests are not supported 
2025-09-16 05:58:14.9703||DEBUG|Microsoft.AspNetCore.Routing.Matching.DfaMatcher|1 candidate(s) found for the request path '/api/auth/logout' 
2025-09-16 05:58:14.9703||DEBUG|Microsoft.AspNetCore.Routing.EndpointRoutingMiddleware|Request matched endpoint '405 HTTP Method Not Supported' 
2025-09-16 05:58:14.9703||TRACE|Microsoft.AspNetCore.Routing.EndpointRoutingMiddleware|The endpoint does not specify the IRequestSizeLimitMetadata. 
2025-09-16 05:58:14.9703||DEBUG|Microsoft.AspNetCore.Cors.Infrastructure.CorsService|The request has an origin header: 'http://localhost:4200'. 
2025-09-16 05:58:14.9703||INFO|Microsoft.AspNetCore.Cors.Infrastructure.CorsService|CORS policy execution successful. 
2025-09-16 05:58:14.9703||DEBUG|Microsoft.AspNetCore.Cors.Infrastructure.CorsService|The request is a preflight request. 
2025-09-16 05:58:14.9703||TRACE|Microsoft.AspNetCore.Server.Kestrel.Http2|Connection id "0HNFK49PE9BL0" sending HEADERS frame for stream ID 1 with length 611 and flags END_STREAM, END_HEADERS. 
2025-09-16 05:58:14.9703||INFO|Microsoft.AspNetCore.Hosting.Diagnostics|Request finished HTTP/2 OPTIONS https://localhost:51041/api/auth/logout - 204 - - 15.8168ms 
2025-09-16 05:58:15.0304||DEBUG|Microsoft.AspNetCore.Server.Kestrel.Connections|Connection id "0HNFK49PE9BL1" accepted. 
2025-09-16 05:58:15.0304||DEBUG|Microsoft.AspNetCore.Server.Kestrel.Connections|Connection id "0HNFK49PE9BL1" started. 
2025-09-16 05:58:15.0304||DEBUG|Microsoft.AspNetCore.Server.Kestrel.Https.Internal.HttpsConnectionMiddleware|Connection 0HNFK49PE9BL1 established using the following protocol: Tls13 
2025-09-16 05:58:15.0304||TRACE|Microsoft.AspNetCore.Server.Kestrel.Http2|Connection id "0HNFK49PE9BL1" sending SETTINGS frame for stream ID 0 with length 24 and flags NONE. 
2025-09-16 05:58:15.0304||TRACE|Microsoft.AspNetCore.Server.Kestrel.Http2|Connection id "0HNFK49PE9BL1" sending WINDOW_UPDATE frame for stream ID 0 with length 4 and flags 0x0. 
2025-09-16 05:58:15.0304||TRACE|Microsoft.AspNetCore.Server.Kestrel.Http2|Connection id "0HNFK49PE9BL1" received SETTINGS frame for stream ID 0 with length 24 and flags NONE. 
2025-09-16 05:58:15.0304||TRACE|Microsoft.AspNetCore.Server.Kestrel.Http2|Connection id "0HNFK49PE9BL1" sending SETTINGS frame for stream ID 0 with length 0 and flags ACK. 
2025-09-16 05:58:15.0304||TRACE|Microsoft.AspNetCore.Server.Kestrel.Http2|Connection id "0HNFK49PE9BL1" received WINDOW_UPDATE frame for stream ID 0 with length 4 and flags 0x0. 
2025-09-16 05:58:15.0304||TRACE|Microsoft.AspNetCore.Server.Kestrel.Http2|Connection id "0HNFK49PE9BL1" received HEADERS frame for stream ID 1 with length 445 and flags END_HEADERS, PRIORITY. 
2025-09-16 05:58:15.0304||INFO|Microsoft.AspNetCore.Hosting.Diagnostics|Request starting HTTP/2 POST https://localhost:51041/api/auth/logout - application/json 16 
2025-09-16 05:58:15.0304||TRACE|Microsoft.AspNetCore.Server.Kestrel.Http2|Connection id "0HNFK49PE9BL1" received DATA frame for stream ID 1 with length 16 and flags END_STREAM. 
2025-09-16 05:58:15.0304||TRACE|Microsoft.AspNetCore.Server.Kestrel.Http2|Connection id "0HNFK49PE9BL1" received SETTINGS frame for stream ID 0 with length 0 and flags ACK. 
2025-09-16 05:58:15.0304||TRACE|Microsoft.AspNetCore.HostFiltering.HostFilteringMiddleware|All hosts are allowed. 
2025-09-16 05:58:15.0304||DEBUG|Microsoft.AspNetCore.StaticFiles.StaticFileMiddleware|POST requests are not supported 
2025-09-16 05:58:15.0304||DEBUG|Microsoft.AspNetCore.StaticFiles.StaticFileMiddleware|POST requests are not supported 
2025-09-16 05:58:15.0304||DEBUG|Microsoft.AspNetCore.StaticFiles.StaticFileMiddleware|POST requests are not supported 
2025-09-16 05:58:15.0304||DEBUG|Microsoft.AspNetCore.Routing.Matching.DfaMatcher|1 candidate(s) found for the request path '/api/auth/logout' 
2025-09-16 05:58:15.0304||DEBUG|Microsoft.AspNetCore.Routing.Matching.DfaMatcher|Endpoint 'EHL.Api.Controllers.AuthController.Logout (EHL.Api)' with route pattern 'api/Auth/logout' is valid for the request path '/api/auth/logout' 
2025-09-16 05:58:15.0304||DEBUG|Microsoft.AspNetCore.Routing.EndpointRoutingMiddleware|Request matched endpoint 'EHL.Api.Controllers.AuthController.Logout (EHL.Api)' 
2025-09-16 05:58:15.0304||TRACE|Microsoft.AspNetCore.Routing.EndpointRoutingMiddleware|The endpoint does not specify the IRequestSizeLimitMetadata. 
2025-09-16 05:58:15.0304||DEBUG|Microsoft.AspNetCore.Cors.Infrastructure.CorsService|The request has an origin header: 'http://localhost:4200'. 
2025-09-16 05:58:15.0304||INFO|Microsoft.AspNetCore.Cors.Infrastructure.CorsService|CORS policy execution successful. 
2025-09-16 05:58:15.1132||DEBUG|Microsoft.AspNetCore.Authentication.JwtBearer.JwtBearerHandler|AuthenticationScheme: Bearer was not authenticated. 
2025-09-16 05:58:15.1132||TRACE|Microsoft.AspNetCore.ResponseCompression.ResponseCompressionProvider|This request accepts compression. 
2025-09-16 05:58:15.1132||INFO|Microsoft.AspNetCore.Routing.EndpointMiddleware|Executing endpoint 'EHL.Api.Controllers.AuthController.Logout (EHL.Api)' 
2025-09-16 05:58:15.1132||INFO|Microsoft.AspNetCore.Mvc.Infrastructure.ControllerActionInvoker|Route matched with {action = "Logout", controller = "Auth"}. Executing controller action with signature Microsoft.AspNetCore.Mvc.IActionResult Logout(EHL.Common.Models.Login) on controller EHL.Api.Controllers.AuthController (EHL.Api). 
2025-09-16 05:58:15.1132||DEBUG|Microsoft.AspNetCore.Mvc.Infrastructure.ControllerActionInvoker|Execution plan of authorization filters (in the following order): None 
2025-09-16 05:58:15.1132||DEBUG|Microsoft.AspNetCore.Mvc.Infrastructure.ControllerActionInvoker|Execution plan of resource filters (in the following order): Microsoft.AspNetCore.Mvc.ViewFeatures.Filters.SaveTempDataFilter 
2025-09-16 05:58:15.1132||DEBUG|Microsoft.AspNetCore.Mvc.Infrastructure.ControllerActionInvoker|Execution plan of action filters (in the following order): Microsoft.AspNetCore.Mvc.ModelBinding.UnsupportedContentTypeFilter (Order: -3000), BIS.API.Filters.ValidateModelFilter (Order: 0) 
2025-09-16 05:58:15.1132||DEBUG|Microsoft.AspNetCore.Mvc.Infrastructure.ControllerActionInvoker|Execution plan of exception filters (in the following order): None 
2025-09-16 05:58:15.1132||DEBUG|Microsoft.AspNetCore.Mvc.Infrastructure.ControllerActionInvoker|Execution plan of result filters (in the following order): Microsoft.AspNetCore.Mvc.ViewFeatures.Filters.SaveTempDataFilter, BIS.API.Filters.ValidateModelFilter (Order: 0) 
2025-09-16 05:58:15.1132||TRACE|Microsoft.AspNetCore.Mvc.Infrastructure.ControllerActionInvoker|Resource Filter: Before executing OnResourceExecuting on filter Microsoft.AspNetCore.Mvc.ViewFeatures.Filters.SaveTempDataFilter. 
2025-09-16 05:58:15.1132||TRACE|Microsoft.AspNetCore.Mvc.Infrastructure.ControllerActionInvoker|Resource Filter: After executing OnResourceExecuting on filter Microsoft.AspNetCore.Mvc.ViewFeatures.Filters.SaveTempDataFilter. 
2025-09-16 05:58:15.1132||DEBUG|Microsoft.AspNetCore.Mvc.Infrastructure.ControllerActionInvoker|Executing controller factory for controller EHL.Api.Controllers.AuthController (EHL.Api) 
2025-09-16 05:58:15.1303||DEBUG|Microsoft.AspNetCore.Mvc.Infrastructure.ControllerActionInvoker|Executed controller factory for controller EHL.Api.Controllers.AuthController (EHL.Api) 
2025-09-16 05:58:15.1303||DEBUG|Microsoft.AspNetCore.Mvc.ModelBinding.ParameterBinder|Attempting to bind parameter 'login' of type 'EHL.Common.Models.Login' ... 
2025-09-16 05:58:15.1303||DEBUG|Microsoft.AspNetCore.Mvc.ModelBinding.Binders.ComplexObjectModelBinder|Attempting to bind parameter 'login' of type 'EHL.Common.Models.Login' using the name '' in request data ... 
2025-09-16 05:58:15.1303||DEBUG|Microsoft.AspNetCore.Mvc.ModelBinding.Binders.SimpleTypeModelBinder|Attempting to bind property 'EHL.Common.Models.Login.UserName' of type 'System.String' using the name 'UserName' in request data ... 
2025-09-16 05:58:15.1303||DEBUG|Microsoft.AspNetCore.Mvc.ModelBinding.Binders.SimpleTypeModelBinder|Could not find a value in the request with name 'UserName' for binding property 'EHL.Common.Models.Login.UserName' of type 'System.String'. 
2025-09-16 05:58:15.1303||DEBUG|Microsoft.AspNetCore.Mvc.ModelBinding.Binders.SimpleTypeModelBinder|Done attempting to bind property 'EHL.Common.Models.Login.UserName' of type 'System.String'. 
2025-09-16 05:58:15.1303||DEBUG|Microsoft.AspNetCore.Mvc.ModelBinding.Binders.SimpleTypeModelBinder|Attempting to bind property 'EHL.Common.Models.Login.Password' of type 'System.String' using the name 'Password' in request data ... 
2025-09-16 05:58:15.1303||DEBUG|Microsoft.AspNetCore.Mvc.ModelBinding.Binders.SimpleTypeModelBinder|Could not find a value in the request with name 'Password' for binding property 'EHL.Common.Models.Login.Password' of type 'System.String'. 
2025-09-16 05:58:15.1303||DEBUG|Microsoft.AspNetCore.Mvc.ModelBinding.Binders.SimpleTypeModelBinder|Done attempting to bind property 'EHL.Common.Models.Login.Password' of type 'System.String'. 
2025-09-16 05:58:15.1303||DEBUG|Microsoft.AspNetCore.Mvc.ModelBinding.Binders.SimpleTypeModelBinder|Attempting to bind property 'EHL.Common.Models.Login.Token' of type 'System.String' using the name 'Token' in request data ... 
2025-09-16 05:58:15.1303||DEBUG|Microsoft.AspNetCore.Mvc.ModelBinding.Binders.SimpleTypeModelBinder|Could not find a value in the request with name 'Token' for binding property 'EHL.Common.Models.Login.Token' of type 'System.String'. 
2025-09-16 05:58:15.1303||DEBUG|Microsoft.AspNetCore.Mvc.ModelBinding.Binders.SimpleTypeModelBinder|Done attempting to bind property 'EHL.Common.Models.Login.Token' of type 'System.String'. 
2025-09-16 05:58:15.1303||DEBUG|Microsoft.AspNetCore.Mvc.ModelBinding.Binders.SimpleTypeModelBinder|Attempting to bind property 'EHL.Common.Models.Login.Code' of type 'System.String' using the name 'Code' in request data ... 
2025-09-16 05:58:15.1303||DEBUG|Microsoft.AspNetCore.Mvc.ModelBinding.Binders.SimpleTypeModelBinder|Could not find a value in the request with name 'Code' for binding property 'EHL.Common.Models.Login.Code' of type 'System.String'. 
2025-09-16 05:58:15.1303||DEBUG|Microsoft.AspNetCore.Mvc.ModelBinding.Binders.SimpleTypeModelBinder|Done attempting to bind property 'EHL.Common.Models.Login.Code' of type 'System.String'. 
2025-09-16 05:58:15.1303||DEBUG|Microsoft.AspNetCore.Mvc.ModelBinding.Binders.ComplexObjectModelBinder|Done attempting to bind parameter 'login' of type 'EHL.Common.Models.Login'. 
2025-09-16 05:58:15.1303||DEBUG|Microsoft.AspNetCore.Mvc.ModelBinding.ParameterBinder|Done attempting to bind parameter 'login' of type 'EHL.Common.Models.Login'. 
2025-09-16 05:58:15.1303||DEBUG|Microsoft.AspNetCore.Mvc.ModelBinding.ParameterBinder|Attempting to validate the bound parameter 'login' of type 'EHL.Common.Models.Login' ... 
2025-09-16 05:58:15.1303||DEBUG|Microsoft.AspNetCore.Mvc.ModelBinding.ParameterBinder|Done attempting to validate the bound parameter 'login' of type 'EHL.Common.Models.Login'. 
2025-09-16 05:58:15.1303||TRACE|Microsoft.AspNetCore.Mvc.Infrastructure.ControllerActionInvoker|Action Filter: Before executing OnActionExecuting on filter Microsoft.AspNetCore.Mvc.ModelBinding.UnsupportedContentTypeFilter. 
2025-09-16 05:58:15.1303||TRACE|Microsoft.AspNetCore.Mvc.Infrastructure.ControllerActionInvoker|Action Filter: After executing OnActionExecuting on filter Microsoft.AspNetCore.Mvc.ModelBinding.UnsupportedContentTypeFilter. 
2025-09-16 05:58:15.1303||TRACE|Microsoft.AspNetCore.Mvc.Infrastructure.ControllerActionInvoker|Action Filter: Before executing OnActionExecutionAsync on filter BIS.API.Filters.ValidateModelFilter. 
2025-09-16 05:58:15.1303||INFO|Microsoft.AspNetCore.Mvc.Infrastructure.ControllerActionInvoker|Executing action method EHL.Api.Controllers.AuthController.Logout (EHL.Api) - Validation state: Valid 
2025-09-16 05:58:15.1303||TRACE|Microsoft.AspNetCore.Mvc.Infrastructure.ControllerActionInvoker|Executing action method EHL.Api.Controllers.AuthController.Logout (EHL.Api) with arguments (EHL.Common.Models.Login) 
2025-09-16 05:58:15.1453||TRACE|Microsoft.AspNetCore.CookiePolicy.CookiePolicyMiddleware|Needs consent: False. 
2025-09-16 05:58:24.7856||DEBUG|Microsoft.AspNetCore.Server.Kestrel.Transport.Sockets|Connection id "0HNFK49PE9BL0" received FIN. 
2025-09-16 05:58:24.7856||DEBUG|Microsoft.AspNetCore.Server.Kestrel.Http2|Connection id "0HNFK49PE9BL0" is closed. The last processed stream ID was 1. 
2025-09-16 05:58:24.7856||DEBUG|Microsoft.AspNetCore.Server.Kestrel.Transport.Sockets|Connection id "0HNFK49PE9BL0" sending FIN because: "The Socket transport's send loop completed gracefully." 
2025-09-16 05:58:24.7856||DEBUG|Microsoft.AspNetCore.Server.Kestrel.Http2|The connection queue processing loop for 0HNFK49PE9BL0 completed. 
2025-09-16 05:58:24.7856||DEBUG|Microsoft.AspNetCore.Server.Kestrel.Connections|Connection id "0HNFK49PE9BL0" stopped. 
2025-09-16 05:58:30.2980||ERROR|EHL.Common.Helpers.EHLLogger|Class=UserDB,method=UpdateisLoggedIn Microsoft.Data.SqlClient.SqlException (0x80131904): A network-related or instance-specific error occurred while establishing a connection to SQL Server. The server was not found or was not accessible. Verify that the instance name is correct and that SQL Server is configured to allow remote connections. (provider: Named Pipes Provider, error: 40 - Could not open a connection to SQL Server)
 ---> System.ComponentModel.Win32Exception (1231): The network location cannot be reached. For information about network troubleshooting, see Windows Help.
   at Microsoft.Data.SqlClient.SqlInternalConnection.OnError(SqlException exception, Boolean breakConnection, Action`1 wrapCloseInAction)
   at Microsoft.Data.SqlClient.TdsParser.ThrowExceptionAndWarning(TdsParserStateObject stateObj, SqlCommand command, Boolean callerHasConnectionLock, Boolean asyncClose)
   at Microsoft.Data.SqlClient.TdsParser.Connect(ServerInfo serverInfo, SqlInternalConnectionTds connHandler, TimeoutTimer timeout, SqlConnectionString connectionOptions, Boolean withFailover)
   at Microsoft.Data.SqlClient.SqlInternalConnectionTds.AttemptOneLogin(ServerInfo serverInfo, String newPassword, SecureString newSecurePassword, TimeoutTimer timeout, Boolean withFailover)
   at Microsoft.Data.SqlClient.SqlInternalConnectionTds.LoginNoFailover(ServerInfo serverInfo, String newPassword, SecureString newSecurePassword, Boolean redirectedUserInstance, SqlConnectionString connectionOptions, SqlCredential credential, TimeoutTimer timeout)
   at Microsoft.Data.SqlClient.SqlInternalConnectionTds.OpenLoginEnlist(TimeoutTimer timeout, SqlConnectionString connectionOptions, SqlCredential credential, String newPassword, SecureString newSecurePassword, Boolean redirectedUserInstance)
   at Microsoft.Data.SqlClient.SqlInternalConnectionTds..ctor(DbConnectionPoolIdentity identity, SqlConnectionString connectionOptions, SqlCredential credential, Object providerInfo, String newPassword, SecureString newSecurePassword, Boolean redirectedUserInstance, SqlConnectionString userConnectionOptions, SessionData reconnectSessionData, Boolean applyTransientFaultHandling, String accessToken, DbConnectionPool pool, Func`3 accessTokenCallback)
   at Microsoft.Data.SqlClient.SqlConnectionFactory.CreateConnection(DbConnectionOptions options, DbConnectionPoolKey poolKey, Object poolGroupProviderInfo, DbConnectionPool pool, DbConnection owningConnection, DbConnectionOptions userOptions)
   at Microsoft.Data.ProviderBase.DbConnectionFactory.CreatePooledConnection(DbConnectionPool pool, DbConnection owningObject, DbConnectionOptions options, DbConnectionPoolKey poolKey, DbConnectionOptions userOptions)
   at Microsoft.Data.ProviderBase.DbConnectionPool.CreateObject(DbConnection owningObject, DbConnectionOptions userOptions, DbConnectionInternal oldConnection)
   at Microsoft.Data.ProviderBase.DbConnectionPool.UserCreateRequest(DbConnection owningObject, DbConnectionOptions userOptions, DbConnectionInternal oldConnection)
   at Microsoft.Data.ProviderBase.DbConnectionPool.TryGetConnection(DbConnection owningObject, UInt32 waitForMultipleObjectsTimeout, Boolean allowCreate, Boolean onlyOneCheckConnection, DbConnectionOptions userOptions, DbConnectionInternal& connection)
   at Microsoft.Data.ProviderBase.DbConnectionFactory.TryGetConnection(DbConnection owningConnection, TaskCompletionSource`1 retry, DbConnectionOptions userOptions, DbConnectionInternal oldConnection, DbConnectionInternal& connection)
   at Microsoft.Data.ProviderBase.DbConnectionInternal.TryOpenConnectionInternal(DbConnection outerConnection, DbConnectionFactory connectionFactory, TaskCompletionSource`1 retry, DbConnectionOptions userOptions)
   at Microsoft.Data.SqlClient.SqlConnection.TryOpen(TaskCompletionSource`1 retry, SqlConnectionOverrides overrides)
   at Microsoft.Data.SqlClient.SqlConnection.Open(SqlConnectionOverrides overrides)
   at Dapper.SqlMapper.QueryImpl[T](IDbConnection cnn, CommandDefinition command, Type effectiveType)+MoveNext() in /_/Dapper/SqlMapper.cs:line 1212
   at System.Collections.Generic.List`1..ctor(IEnumerable`1 collection)
   at Dapper.SqlMapper.Query[T](IDbConnection cnn, String sql, Object param, IDbTransaction transaction, Boolean buffered, Nullable`1 commandTimeout, Nullable`1 commandType) in /_/Dapper/SqlMapper.cs:line 842
   at EHL.DB.Implements.UserDB.updateLoggedIn(Int32 isLoggedIn, String userName) in C:\Users\ankit\Downloads\source_EHL_27June25\source_EHL_27June25\EHL.DB\Implements\UserDB.cs:line 54
ClientConnectionId:00000000-0000-0000-0000-000000000000
Error Number:1231,State:0,Class:20
